<?xml version="1.0" encoding="UTF-8"?>
<testsuite name="com.parabank.testcases.LoginTest" tests="1" skipped="0" failures="0" errors="0" timestamp="2024-08-15T07:03:22" hostname="DILRUBA" time="0.013">
  <properties/>
  <testcase name="checkTitle" classname="com.parabank.testcases.LoginTest" time="0.013"/>
  <system-out><![CDATA[]]></system-out>
  <system-err><![CDATA[]]></system-err>
</testsuite>
